CRITICAL - 2022-02-16 04:30:59 --> Class "Bluerhinos\phpMQTT" not found
#0 C:\xampp\htdocs\irigasisaddang\system\CodeIgniter.php(825): App\Controllers\Api->service_bsa1()
#1 C:\xampp\htdocs\irigasisaddang\system\CodeIgniter.php(412): CodeIgniter\CodeIgniter->runController(Object(App\Controllers\Api))
#2 C:\xampp\htdocs\irigasisaddang\system\CodeIgniter.php(320): CodeIgniter\CodeIgniter->handleRequest(NULL, Object(Config\Cache), false)
#3 C:\xampp\htdocs\irigasisaddang\public\index.php(37): CodeIgniter\CodeIgniter->run()
#4 C:\xampp\htdocs\irigasisaddang\system\Commands\Server\rewrite.php(43): require_once('C:\\xampp\\htdocs...')
#5 {main}
CRITICAL - 2022-02-16 05:01:04 --> There is no data to insert.
#0 C:\xampp\htdocs\irigasisaddang\system\BaseModel.php(718): CodeIgniter\Database\Exceptions\DataException::forEmptyDataset('insert')
#1 C:\xampp\htdocs\irigasisaddang\system\Model.php(625): CodeIgniter\BaseModel->insert(Array, false)
#2 C:\xampp\htdocs\irigasisaddang\system\BaseModel.php(658): CodeIgniter\Model->insert(Array, false)
#3 C:\xampp\htdocs\irigasisaddang\app\Controllers\Api.php(520): CodeIgniter\BaseModel->save(Array)
#4 C:\xampp\htdocs\irigasisaddang\system\CodeIgniter.php(825): App\Controllers\Api->debit_bsa1()
#5 C:\xampp\htdocs\irigasisaddang\system\CodeIgniter.php(412): CodeIgniter\CodeIgniter->runController(Object(App\Controllers\Api))
#6 C:\xampp\htdocs\irigasisaddang\system\CodeIgniter.php(320): CodeIgniter\CodeIgniter->handleRequest(NULL, Object(Config\Cache), false)
#7 C:\xampp\htdocs\irigasisaddang\public\index.php(37): CodeIgniter\CodeIgniter->run()
#8 C:\xampp\htdocs\irigasisaddang\system\Commands\Server\rewrite.php(43): require_once('C:\\xampp\\htdocs...')
#9 {main}
CRITICAL - 2022-02-16 06:12:49 --> Trying to access array offset on value of type null
#0 C:\xampp\htdocs\irigasisaddang\app\Controllers\Api.php(563): CodeIgniter\Debug\Exceptions->errorHandler(2, 'Trying to acces...', 'C:\\xampp\\htdocs...', 563)
#1 C:\xampp\htdocs\irigasisaddang\system\CodeIgniter.php(825): App\Controllers\Api->debit_bsa10()
#2 C:\xampp\htdocs\irigasisaddang\system\CodeIgniter.php(412): CodeIgniter\CodeIgniter->runController(Object(App\Controllers\Api))
#3 C:\xampp\htdocs\irigasisaddang\system\CodeIgniter.php(320): CodeIgniter\CodeIgniter->handleRequest(NULL, Object(Config\Cache), false)
#4 C:\xampp\htdocs\irigasisaddang\public\index.php(37): CodeIgniter\CodeIgniter->run()
#5 C:\xampp\htdocs\irigasisaddang\system\Commands\Server\rewrite.php(43): require_once('C:\\xampp\\htdocs...')
#6 {main}
CRITICAL - 2022-02-16 08:07:58 --> Implicit conversion from float 0.9695 to int loses precision
#0 C:\xampp\htdocs\irigasisaddang\app\Controllers\Api.php(594): CodeIgniter\Debug\Exceptions->errorHandler(8192, 'Implicit conver...', 'C:\\xampp\\htdocs...', 594)
#1 C:\xampp\htdocs\irigasisaddang\system\CodeIgniter.php(825): App\Controllers\Api->debit_bsa10()
#2 C:\xampp\htdocs\irigasisaddang\system\CodeIgniter.php(412): CodeIgniter\CodeIgniter->runController(Object(App\Controllers\Api))
#3 C:\xampp\htdocs\irigasisaddang\system\CodeIgniter.php(320): CodeIgniter\CodeIgniter->handleRequest(NULL, Object(Config\Cache), false)
#4 C:\xampp\htdocs\irigasisaddang\public\index.php(37): CodeIgniter\CodeIgniter->run()
#5 C:\xampp\htdocs\irigasisaddang\system\Commands\Server\rewrite.php(43): require_once('C:\\xampp\\htdocs...')
#6 {main}
ERROR - 2022-02-16 08:09:28 --> Unknown column 'NAN' in 'field list'
CRITICAL - 2022-02-16 08:09:28 --> Unknown column 'NAN' in 'field list'
#0 C:\xampp\htdocs\irigasisaddang\system\Database\MySQLi\Connection.php(292): mysqli->query('INSERT INTO `de...', 0)
#1 C:\xampp\htdocs\irigasisaddang\system\Database\BaseConnection.php(670): CodeIgniter\Database\MySQLi\Connection->execute('INSERT INTO `de...')
#2 C:\xampp\htdocs\irigasisaddang\system\Database\BaseConnection.php(598): CodeIgniter\Database\BaseConnection->simpleQuery('INSERT INTO `de...')
#3 C:\xampp\htdocs\irigasisaddang\system\Database\BaseBuilder.php(1771): CodeIgniter\Database\BaseConnection->query('INSERT INTO `de...', Array, false)
#4 C:\xampp\htdocs\irigasisaddang\system\Model.php(239): CodeIgniter\Database\BaseBuilder->insert()
#5 C:\xampp\htdocs\irigasisaddang\system\BaseModel.php(738): CodeIgniter\Model->doInsert(Array)
#6 C:\xampp\htdocs\irigasisaddang\system\Model.php(625): CodeIgniter\BaseModel->insert(Array, false)
#7 C:\xampp\htdocs\irigasisaddang\system\BaseModel.php(658): CodeIgniter\Model->insert(Array, false)
#8 C:\xampp\htdocs\irigasisaddang\app\Controllers\Api.php(608): CodeIgniter\BaseModel->save(Array)
#9 C:\xampp\htdocs\irigasisaddang\system\CodeIgniter.php(825): App\Controllers\Api->debit_bsa10()
#10 C:\xampp\htdocs\irigasisaddang\system\CodeIgniter.php(412): CodeIgniter\CodeIgniter->runController(Object(App\Controllers\Api))
#11 C:\xampp\htdocs\irigasisaddang\system\CodeIgniter.php(320): CodeIgniter\CodeIgniter->handleRequest(NULL, Object(Config\Cache), false)
#12 C:\xampp\htdocs\irigasisaddang\public\index.php(37): CodeIgniter\CodeIgniter->run()
#13 C:\xampp\htdocs\irigasisaddang\system\Commands\Server\rewrite.php(43): require_once('C:\\xampp\\htdocs...')
#14 {main}
ERROR - 2022-02-16 08:10:49 --> Unknown column 'NAN' in 'field list'
CRITICAL - 2022-02-16 08:10:49 --> Unknown column 'NAN' in 'field list'
#0 C:\xampp\htdocs\irigasisaddang\system\Database\MySQLi\Connection.php(292): mysqli->query('INSERT INTO `de...', 0)
#1 C:\xampp\htdocs\irigasisaddang\system\Database\BaseConnection.php(670): CodeIgniter\Database\MySQLi\Connection->execute('INSERT INTO `de...')
#2 C:\xampp\htdocs\irigasisaddang\system\Database\BaseConnection.php(598): CodeIgniter\Database\BaseConnection->simpleQuery('INSERT INTO `de...')
#3 C:\xampp\htdocs\irigasisaddang\system\Database\BaseBuilder.php(1771): CodeIgniter\Database\BaseConnection->query('INSERT INTO `de...', Array, false)
#4 C:\xampp\htdocs\irigasisaddang\system\Model.php(239): CodeIgniter\Database\BaseBuilder->insert()
#5 C:\xampp\htdocs\irigasisaddang\system\BaseModel.php(738): CodeIgniter\Model->doInsert(Array)
#6 C:\xampp\htdocs\irigasisaddang\system\Model.php(625): CodeIgniter\BaseModel->insert(Array, false)
#7 C:\xampp\htdocs\irigasisaddang\system\BaseModel.php(658): CodeIgniter\Model->insert(Array, false)
#8 C:\xampp\htdocs\irigasisaddang\app\Controllers\Api.php(608): CodeIgniter\BaseModel->save(Array)
#9 C:\xampp\htdocs\irigasisaddang\system\CodeIgniter.php(825): App\Controllers\Api->debit_bsa10()
#10 C:\xampp\htdocs\irigasisaddang\system\CodeIgniter.php(412): CodeIgniter\CodeIgniter->runController(Object(App\Controllers\Api))
#11 C:\xampp\htdocs\irigasisaddang\system\CodeIgniter.php(320): CodeIgniter\CodeIgniter->handleRequest(NULL, Object(Config\Cache), false)
#12 C:\xampp\htdocs\irigasisaddang\public\index.php(37): CodeIgniter\CodeIgniter->run()
#13 C:\xampp\htdocs\irigasisaddang\system\Commands\Server\rewrite.php(43): require_once('C:\\xampp\\htdocs...')
#14 {main}
ERROR - 2022-02-16 08:12:07 --> Unknown column 'NAN' in 'field list'
CRITICAL - 2022-02-16 08:12:07 --> Unknown column 'NAN' in 'field list'
#0 C:\xampp\htdocs\irigasisaddang\system\Database\MySQLi\Connection.php(292): mysqli->query('INSERT INTO `de...', 0)
#1 C:\xampp\htdocs\irigasisaddang\system\Database\BaseConnection.php(670): CodeIgniter\Database\MySQLi\Connection->execute('INSERT INTO `de...')
#2 C:\xampp\htdocs\irigasisaddang\system\Database\BaseConnection.php(598): CodeIgniter\Database\BaseConnection->simpleQuery('INSERT INTO `de...')
#3 C:\xampp\htdocs\irigasisaddang\system\Database\BaseBuilder.php(1771): CodeIgniter\Database\BaseConnection->query('INSERT INTO `de...', Array, false)
#4 C:\xampp\htdocs\irigasisaddang\system\Model.php(239): CodeIgniter\Database\BaseBuilder->insert()
#5 C:\xampp\htdocs\irigasisaddang\system\BaseModel.php(738): CodeIgniter\Model->doInsert(Array)
#6 C:\xampp\htdocs\irigasisaddang\system\Model.php(625): CodeIgniter\BaseModel->insert(Array, false)
#7 C:\xampp\htdocs\irigasisaddang\system\BaseModel.php(658): CodeIgniter\Model->insert(Array, false)
#8 C:\xampp\htdocs\irigasisaddang\app\Controllers\Api.php(617): CodeIgniter\BaseModel->save(Array)
#9 C:\xampp\htdocs\irigasisaddang\system\CodeIgniter.php(825): App\Controllers\Api->debit_bsa10()
#10 C:\xampp\htdocs\irigasisaddang\system\CodeIgniter.php(412): CodeIgniter\CodeIgniter->runController(Object(App\Controllers\Api))
#11 C:\xampp\htdocs\irigasisaddang\system\CodeIgniter.php(320): CodeIgniter\CodeIgniter->handleRequest(NULL, Object(Config\Cache), false)
#12 C:\xampp\htdocs\irigasisaddang\public\index.php(37): CodeIgniter\CodeIgniter->run()
#13 C:\xampp\htdocs\irigasisaddang\system\Commands\Server\rewrite.php(43): require_once('C:\\xampp\\htdocs...')
#14 {main}
ERROR - 2022-02-16 08:12:37 --> Unknown column 'NAN' in 'field list'
CRITICAL - 2022-02-16 08:12:37 --> Unknown column 'NAN' in 'field list'
#0 C:\xampp\htdocs\irigasisaddang\system\Database\MySQLi\Connection.php(292): mysqli->query('INSERT INTO `de...', 0)
#1 C:\xampp\htdocs\irigasisaddang\system\Database\BaseConnection.php(670): CodeIgniter\Database\MySQLi\Connection->execute('INSERT INTO `de...')
#2 C:\xampp\htdocs\irigasisaddang\system\Database\BaseConnection.php(598): CodeIgniter\Database\BaseConnection->simpleQuery('INSERT INTO `de...')
#3 C:\xampp\htdocs\irigasisaddang\system\Database\BaseBuilder.php(1771): CodeIgniter\Database\BaseConnection->query('INSERT INTO `de...', Array, false)
#4 C:\xampp\htdocs\irigasisaddang\system\Model.php(239): CodeIgniter\Database\BaseBuilder->insert()
#5 C:\xampp\htdocs\irigasisaddang\system\BaseModel.php(738): CodeIgniter\Model->doInsert(Array)
#6 C:\xampp\htdocs\irigasisaddang\system\Model.php(625): CodeIgniter\BaseModel->insert(Array, false)
#7 C:\xampp\htdocs\irigasisaddang\system\BaseModel.php(658): CodeIgniter\Model->insert(Array, false)
#8 C:\xampp\htdocs\irigasisaddang\app\Controllers\Api.php(609): CodeIgniter\BaseModel->save(Array)
#9 C:\xampp\htdocs\irigasisaddang\system\CodeIgniter.php(825): App\Controllers\Api->debit_bsa10()
#10 C:\xampp\htdocs\irigasisaddang\system\CodeIgniter.php(412): CodeIgniter\CodeIgniter->runController(Object(App\Controllers\Api))
#11 C:\xampp\htdocs\irigasisaddang\system\CodeIgniter.php(320): CodeIgniter\CodeIgniter->handleRequest(NULL, Object(Config\Cache), false)
#12 C:\xampp\htdocs\irigasisaddang\public\index.php(37): CodeIgniter\CodeIgniter->run()
#13 C:\xampp\htdocs\irigasisaddang\system\Commands\Server\rewrite.php(43): require_once('C:\\xampp\\htdocs...')
#14 {main}
ERROR - 2022-02-16 08:12:56 --> Unknown column 'NAN' in 'field list'
CRITICAL - 2022-02-16 08:12:56 --> Unknown column 'NAN' in 'field list'
#0 C:\xampp\htdocs\irigasisaddang\system\Database\MySQLi\Connection.php(292): mysqli->query('INSERT INTO `de...', 0)
#1 C:\xampp\htdocs\irigasisaddang\system\Database\BaseConnection.php(670): CodeIgniter\Database\MySQLi\Connection->execute('INSERT INTO `de...')
#2 C:\xampp\htdocs\irigasisaddang\system\Database\BaseConnection.php(598): CodeIgniter\Database\BaseConnection->simpleQuery('INSERT INTO `de...')
#3 C:\xampp\htdocs\irigasisaddang\system\Database\BaseBuilder.php(1771): CodeIgniter\Database\BaseConnection->query('INSERT INTO `de...', Array, false)
#4 C:\xampp\htdocs\irigasisaddang\system\Model.php(239): CodeIgniter\Database\BaseBuilder->insert()
#5 C:\xampp\htdocs\irigasisaddang\system\BaseModel.php(738): CodeIgniter\Model->doInsert(Array)
#6 C:\xampp\htdocs\irigasisaddang\system\Model.php(625): CodeIgniter\BaseModel->insert(Array, false)
#7 C:\xampp\htdocs\irigasisaddang\system\BaseModel.php(658): CodeIgniter\Model->insert(Array, false)
#8 C:\xampp\htdocs\irigasisaddang\app\Controllers\Api.php(618): CodeIgniter\BaseModel->save(Array)
#9 C:\xampp\htdocs\irigasisaddang\system\CodeIgniter.php(825): App\Controllers\Api->debit_bsa10()
#10 C:\xampp\htdocs\irigasisaddang\system\CodeIgniter.php(412): CodeIgniter\CodeIgniter->runController(Object(App\Controllers\Api))
#11 C:\xampp\htdocs\irigasisaddang\system\CodeIgniter.php(320): CodeIgniter\CodeIgniter->handleRequest(NULL, Object(Config\Cache), false)
#12 C:\xampp\htdocs\irigasisaddang\public\index.php(37): CodeIgniter\CodeIgniter->run()
#13 C:\xampp\htdocs\irigasisaddang\system\Commands\Server\rewrite.php(43): require_once('C:\\xampp\\htdocs...')
#14 {main}
ERROR - 2022-02-16 08:13:18 --> Unknown column 'NAN' in 'field list'
CRITICAL - 2022-02-16 08:13:18 --> Unknown column 'NAN' in 'field list'
#0 C:\xampp\htdocs\irigasisaddang\system\Database\MySQLi\Connection.php(292): mysqli->query('INSERT INTO `de...', 0)
#1 C:\xampp\htdocs\irigasisaddang\system\Database\BaseConnection.php(670): CodeIgniter\Database\MySQLi\Connection->execute('INSERT INTO `de...')
#2 C:\xampp\htdocs\irigasisaddang\system\Database\BaseConnection.php(598): CodeIgniter\Database\BaseConnection->simpleQuery('INSERT INTO `de...')
#3 C:\xampp\htdocs\irigasisaddang\system\Database\BaseBuilder.php(1771): CodeIgniter\Database\BaseConnection->query('INSERT INTO `de...', Array, false)
#4 C:\xampp\htdocs\irigasisaddang\system\Model.php(239): CodeIgniter\Database\BaseBuilder->insert()
#5 C:\xampp\htdocs\irigasisaddang\system\BaseModel.php(738): CodeIgniter\Model->doInsert(Array)
#6 C:\xampp\htdocs\irigasisaddang\system\Model.php(625): CodeIgniter\BaseModel->insert(Array, false)
#7 C:\xampp\htdocs\irigasisaddang\system\BaseModel.php(658): CodeIgniter\Model->insert(Array, false)
#8 C:\xampp\htdocs\irigasisaddang\app\Controllers\Api.php(618): CodeIgniter\BaseModel->save(Array)
#9 C:\xampp\htdocs\irigasisaddang\system\CodeIgniter.php(825): App\Controllers\Api->debit_bsa10()
#10 C:\xampp\htdocs\irigasisaddang\system\CodeIgniter.php(412): CodeIgniter\CodeIgniter->runController(Object(App\Controllers\Api))
#11 C:\xampp\htdocs\irigasisaddang\system\CodeIgniter.php(320): CodeIgniter\CodeIgniter->handleRequest(NULL, Object(Config\Cache), false)
#12 C:\xampp\htdocs\irigasisaddang\public\index.php(37): CodeIgniter\CodeIgniter->run()
#13 C:\xampp\htdocs\irigasisaddang\system\Commands\Server\rewrite.php(43): require_once('C:\\xampp\\htdocs...')
#14 {main}
ERROR - 2022-02-16 08:13:53 --> Unknown column 'NAN' in 'field list'
CRITICAL - 2022-02-16 08:13:53 --> Unknown column 'NAN' in 'field list'
#0 C:\xampp\htdocs\irigasisaddang\system\Database\MySQLi\Connection.php(292): mysqli->query('INSERT INTO `de...', 0)
#1 C:\xampp\htdocs\irigasisaddang\system\Database\BaseConnection.php(670): CodeIgniter\Database\MySQLi\Connection->execute('INSERT INTO `de...')
#2 C:\xampp\htdocs\irigasisaddang\system\Database\BaseConnection.php(598): CodeIgniter\Database\BaseConnection->simpleQuery('INSERT INTO `de...')
#3 C:\xampp\htdocs\irigasisaddang\system\Database\BaseBuilder.php(1771): CodeIgniter\Database\BaseConnection->query('INSERT INTO `de...', Array, false)
#4 C:\xampp\htdocs\irigasisaddang\system\Model.php(239): CodeIgniter\Database\BaseBuilder->insert()
#5 C:\xampp\htdocs\irigasisaddang\system\BaseModel.php(738): CodeIgniter\Model->doInsert(Array)
#6 C:\xampp\htdocs\irigasisaddang\system\Model.php(625): CodeIgniter\BaseModel->insert(Array, false)
#7 C:\xampp\htdocs\irigasisaddang\system\BaseModel.php(658): CodeIgniter\Model->insert(Array, false)
#8 C:\xampp\htdocs\irigasisaddang\app\Controllers\Api.php(610): CodeIgniter\BaseModel->save(Array)
#9 C:\xampp\htdocs\irigasisaddang\system\CodeIgniter.php(825): App\Controllers\Api->debit_bsa10()
#10 C:\xampp\htdocs\irigasisaddang\system\CodeIgniter.php(412): CodeIgniter\CodeIgniter->runController(Object(App\Controllers\Api))
#11 C:\xampp\htdocs\irigasisaddang\system\CodeIgniter.php(320): CodeIgniter\CodeIgniter->handleRequest(NULL, Object(Config\Cache), false)
#12 C:\xampp\htdocs\irigasisaddang\public\index.php(37): CodeIgniter\CodeIgniter->run()
#13 C:\xampp\htdocs\irigasisaddang\system\Commands\Server\rewrite.php(43): require_once('C:\\xampp\\htdocs...')
#14 {main}
ERROR - 2022-02-16 08:15:25 --> Unknown column 'NAN' in 'field list'
CRITICAL - 2022-02-16 08:15:25 --> Unknown column 'NAN' in 'field list'
#0 C:\xampp\htdocs\irigasisaddang\system\Database\MySQLi\Connection.php(292): mysqli->query('INSERT INTO `de...', 0)
#1 C:\xampp\htdocs\irigasisaddang\system\Database\BaseConnection.php(670): CodeIgniter\Database\MySQLi\Connection->execute('INSERT INTO `de...')
#2 C:\xampp\htdocs\irigasisaddang\system\Database\BaseConnection.php(598): CodeIgniter\Database\BaseConnection->simpleQuery('INSERT INTO `de...')
#3 C:\xampp\htdocs\irigasisaddang\system\Database\BaseBuilder.php(1771): CodeIgniter\Database\BaseConnection->query('INSERT INTO `de...', Array, false)
#4 C:\xampp\htdocs\irigasisaddang\system\Model.php(239): CodeIgniter\Database\BaseBuilder->insert()
#5 C:\xampp\htdocs\irigasisaddang\system\BaseModel.php(738): CodeIgniter\Model->doInsert(Array)
#6 C:\xampp\htdocs\irigasisaddang\system\Model.php(625): CodeIgniter\BaseModel->insert(Array, false)
#7 C:\xampp\htdocs\irigasisaddang\system\BaseModel.php(658): CodeIgniter\Model->insert(Array, false)
#8 C:\xampp\htdocs\irigasisaddang\app\Controllers\Api.php(628): CodeIgniter\BaseModel->save(Array)
#9 C:\xampp\htdocs\irigasisaddang\system\CodeIgniter.php(825): App\Controllers\Api->debit_bsa10()
#10 C:\xampp\htdocs\irigasisaddang\system\CodeIgniter.php(412): CodeIgniter\CodeIgniter->runController(Object(App\Controllers\Api))
#11 C:\xampp\htdocs\irigasisaddang\system\CodeIgniter.php(320): CodeIgniter\CodeIgniter->handleRequest(NULL, Object(Config\Cache), false)
#12 C:\xampp\htdocs\irigasisaddang\public\index.php(37): CodeIgniter\CodeIgniter->run()
#13 C:\xampp\htdocs\irigasisaddang\system\Commands\Server\rewrite.php(43): require_once('C:\\xampp\\htdocs...')
#14 {main}
ERROR - 2022-02-16 09:14:49 --> Unknown column 'sensor' in 'where clause'
CRITICAL - 2022-02-16 09:14:49 --> Unknown column 'sensor' in 'where clause'
#0 C:\xampp\htdocs\irigasisaddang\system\Database\MySQLi\Connection.php(292): mysqli->query('SELECT *\nFROM `...', 0)
#1 C:\xampp\htdocs\irigasisaddang\system\Database\BaseConnection.php(670): CodeIgniter\Database\MySQLi\Connection->execute('SELECT *\nFROM `...')
#2 C:\xampp\htdocs\irigasisaddang\system\Database\BaseConnection.php(598): CodeIgniter\Database\BaseConnection->simpleQuery('SELECT *\nFROM `...')
#3 C:\xampp\htdocs\irigasisaddang\system\Database\BaseBuilder.php(1455): CodeIgniter\Database\BaseConnection->query('SELECT *\nFROM `...', Array, false)
#4 C:\xampp\htdocs\irigasisaddang\system\Model.php(210): CodeIgniter\Database\BaseBuilder->get()
#5 C:\xampp\htdocs\irigasisaddang\system\BaseModel.php(622): CodeIgniter\Model->doFirst()
#6 C:\xampp\htdocs\irigasisaddang\app\Controllers\Api.php(750): CodeIgniter\BaseModel->first()
#7 C:\xampp\htdocs\irigasisaddang\system\CodeIgniter.php(825): App\Controllers\Api->get_debit_bsa1('gt1')
#8 C:\xampp\htdocs\irigasisaddang\system\CodeIgniter.php(412): CodeIgniter\CodeIgniter->runController(Object(App\Controllers\Api))
#9 C:\xampp\htdocs\irigasisaddang\system\CodeIgniter.php(320): CodeIgniter\CodeIgniter->handleRequest(NULL, Object(Config\Cache), false)
#10 C:\xampp\htdocs\irigasisaddang\public\index.php(37): CodeIgniter\CodeIgniter->run()
#11 C:\xampp\htdocs\irigasisaddang\system\Commands\Server\rewrite.php(43): require_once('C:\\xampp\\htdocs...')
#12 {main}
CRITICAL - 2022-02-16 22:18:46 --> Trying to access array offset on value of type null
#0 C:\xampp\htdocs\irigasisaddang\app\Controllers\Api.php(747): CodeIgniter\Debug\Exceptions->errorHandler(2, 'Trying to acces...', 'C:\\xampp\\htdocs...', 747)
#1 C:\xampp\htdocs\irigasisaddang\system\CodeIgniter.php(825): App\Controllers\Api->debit_bmj1()
#2 C:\xampp\htdocs\irigasisaddang\system\CodeIgniter.php(412): CodeIgniter\CodeIgniter->runController(Object(App\Controllers\Api))
#3 C:\xampp\htdocs\irigasisaddang\system\CodeIgniter.php(320): CodeIgniter\CodeIgniter->handleRequest(NULL, Object(Config\Cache), false)
#4 C:\xampp\htdocs\irigasisaddang\public\index.php(37): CodeIgniter\CodeIgniter->run()
#5 C:\xampp\htdocs\irigasisaddang\system\Commands\Server\rewrite.php(43): require_once('C:\\xampp\\htdocs...')
#6 {main}
CRITICAL - 2022-02-16 22:19:05 --> Undefined variable $gt5
#0 C:\xampp\htdocs\irigasisaddang\app\Controllers\Api.php(751): CodeIgniter\Debug\Exceptions->errorHandler(2, 'Undefined varia...', 'C:\\xampp\\htdocs...', 751)
#1 C:\xampp\htdocs\irigasisaddang\system\CodeIgniter.php(825): App\Controllers\Api->debit_bmj1()
#2 C:\xampp\htdocs\irigasisaddang\system\CodeIgniter.php(412): CodeIgniter\CodeIgniter->runController(Object(App\Controllers\Api))
#3 C:\xampp\htdocs\irigasisaddang\system\CodeIgniter.php(320): CodeIgniter\CodeIgniter->handleRequest(NULL, Object(Config\Cache), false)
#4 C:\xampp\htdocs\irigasisaddang\public\index.php(37): CodeIgniter\CodeIgniter->run()
#5 C:\xampp\htdocs\irigasisaddang\system\Commands\Server\rewrite.php(43): require_once('C:\\xampp\\htdocs...')
#6 {main}
CRITICAL - 2022-02-16 22:23:02 --> Class "App\Controllers\debitmj1" not found
#0 C:\xampp\htdocs\irigasisaddang\system\CodeIgniter.php(825): App\Controllers\Api->get_debit_bmj1('gt1')
#1 C:\xampp\htdocs\irigasisaddang\system\CodeIgniter.php(412): CodeIgniter\CodeIgniter->runController(Object(App\Controllers\Api))
#2 C:\xampp\htdocs\irigasisaddang\system\CodeIgniter.php(320): CodeIgniter\CodeIgniter->handleRequest(NULL, Object(Config\Cache), false)
#3 C:\xampp\htdocs\irigasisaddang\public\index.php(37): CodeIgniter\CodeIgniter->run()
#4 C:\xampp\htdocs\irigasisaddang\system\Commands\Server\rewrite.php(43): require_once('C:\\xampp\\htdocs...')
#5 {main}
CRITICAL - 2022-02-16 22:23:11 --> Class "App\Controllers\debitmj1" not found
#0 C:\xampp\htdocs\irigasisaddang\system\CodeIgniter.php(825): App\Controllers\Api->get_debit_bmj1('gt1')
#1 C:\xampp\htdocs\irigasisaddang\system\CodeIgniter.php(412): CodeIgniter\CodeIgniter->runController(Object(App\Controllers\Api))
#2 C:\xampp\htdocs\irigasisaddang\system\CodeIgniter.php(320): CodeIgniter\CodeIgniter->handleRequest(NULL, Object(Config\Cache), false)
#3 C:\xampp\htdocs\irigasisaddang\public\index.php(37): CodeIgniter\CodeIgniter->run()
#4 C:\xampp\htdocs\irigasisaddang\system\Commands\Server\rewrite.php(43): require_once('C:\\xampp\\htdocs...')
#5 {main}
CRITICAL - 2022-02-16 22:23:24 --> Class "App\Controllers\debitmj1" not found
#0 C:\xampp\htdocs\irigasisaddang\system\CodeIgniter.php(825): App\Controllers\Api->get_debit_bmj1('gt1')
#1 C:\xampp\htdocs\irigasisaddang\system\CodeIgniter.php(412): CodeIgniter\CodeIgniter->runController(Object(App\Controllers\Api))
#2 C:\xampp\htdocs\irigasisaddang\system\CodeIgniter.php(320): CodeIgniter\CodeIgniter->handleRequest(NULL, Object(Config\Cache), false)
#3 C:\xampp\htdocs\irigasisaddang\public\index.php(37): CodeIgniter\CodeIgniter->run()
#4 C:\xampp\htdocs\irigasisaddang\system\Commands\Server\rewrite.php(43): require_once('C:\\xampp\\htdocs...')
#5 {main}
CRITICAL - 2022-02-16 22:23:33 --> Class "App\Controllers\debitmj1" not found
#0 C:\xampp\htdocs\irigasisaddang\system\CodeIgniter.php(825): App\Controllers\Api->get_debit_bmj1('gt1')
#1 C:\xampp\htdocs\irigasisaddang\system\CodeIgniter.php(412): CodeIgniter\CodeIgniter->runController(Object(App\Controllers\Api))
#2 C:\xampp\htdocs\irigasisaddang\system\CodeIgniter.php(320): CodeIgniter\CodeIgniter->handleRequest(NULL, Object(Config\Cache), false)
#3 C:\xampp\htdocs\irigasisaddang\public\index.php(37): CodeIgniter\CodeIgniter->run()
#4 C:\xampp\htdocs\irigasisaddang\system\Commands\Server\rewrite.php(43): require_once('C:\\xampp\\htdocs...')
#5 {main}
CRITICAL - 2022-02-16 22:24:14 --> Class "App\Controllers\debitmj1" not found
#0 C:\xampp\htdocs\irigasisaddang\system\CodeIgniter.php(825): App\Controllers\Api->get_debit_bmj1('gt1')
#1 C:\xampp\htdocs\irigasisaddang\system\CodeIgniter.php(412): CodeIgniter\CodeIgniter->runController(Object(App\Controllers\Api))
#2 C:\xampp\htdocs\irigasisaddang\system\CodeIgniter.php(320): CodeIgniter\CodeIgniter->handleRequest(NULL, Object(Config\Cache), false)
#3 C:\xampp\htdocs\irigasisaddang\public\index.php(37): CodeIgniter\CodeIgniter->run()
#4 C:\xampp\htdocs\irigasisaddang\system\Commands\Server\rewrite.php(43): require_once('C:\\xampp\\htdocs...')
#5 {main}
CRITICAL - 2022-02-16 23:31:07 --> Trying to access array offset on value of type null
#0 C:\xampp\htdocs\irigasisaddang\app\Controllers\Api.php(794): CodeIgniter\Debug\Exceptions->errorHandler(2, 'Trying to acces...', 'C:\\xampp\\htdocs...', 794)
#1 C:\xampp\htdocs\irigasisaddang\system\CodeIgniter.php(825): App\Controllers\Api->get_supply_bsa1()
#2 C:\xampp\htdocs\irigasisaddang\system\CodeIgniter.php(412): CodeIgniter\CodeIgniter->runController(Object(App\Controllers\Api))
#3 C:\xampp\htdocs\irigasisaddang\system\CodeIgniter.php(320): CodeIgniter\CodeIgniter->handleRequest(NULL, Object(Config\Cache), false)
#4 C:\xampp\htdocs\irigasisaddang\public\index.php(37): CodeIgniter\CodeIgniter->run()
#5 C:\xampp\htdocs\irigasisaddang\system\Commands\Server\rewrite.php(43): require_once('C:\\xampp\\htdocs...')
#6 {main}
CRITICAL - 2022-02-16 23:31:37 --> Trying to access array offset on value of type null
#0 C:\xampp\htdocs\irigasisaddang\app\Controllers\Api.php(795): CodeIgniter\Debug\Exceptions->errorHandler(2, 'Trying to acces...', 'C:\\xampp\\htdocs...', 795)
#1 C:\xampp\htdocs\irigasisaddang\system\CodeIgniter.php(825): App\Controllers\Api->get_supply_bsa1()
#2 C:\xampp\htdocs\irigasisaddang\system\CodeIgniter.php(412): CodeIgniter\CodeIgniter->runController(Object(App\Controllers\Api))
#3 C:\xampp\htdocs\irigasisaddang\system\CodeIgniter.php(320): CodeIgniter\CodeIgniter->handleRequest(NULL, Object(Config\Cache), false)
#4 C:\xampp\htdocs\irigasisaddang\public\index.php(37): CodeIgniter\CodeIgniter->run()
#5 C:\xampp\htdocs\irigasisaddang\system\Commands\Server\rewrite.php(43): require_once('C:\\xampp\\htdocs...')
#6 {main}
CRITICAL - 2022-02-16 23:32:05 --> Trying to access array offset on value of type null
#0 C:\xampp\htdocs\irigasisaddang\app\Controllers\Api.php(795): CodeIgniter\Debug\Exceptions->errorHandler(2, 'Trying to acces...', 'C:\\xampp\\htdocs...', 795)
#1 C:\xampp\htdocs\irigasisaddang\system\CodeIgniter.php(825): App\Controllers\Api->get_supply_bsa1()
#2 C:\xampp\htdocs\irigasisaddang\system\CodeIgniter.php(412): CodeIgniter\CodeIgniter->runController(Object(App\Controllers\Api))
#3 C:\xampp\htdocs\irigasisaddang\system\CodeIgniter.php(320): CodeIgniter\CodeIgniter->handleRequest(NULL, Object(Config\Cache), false)
#4 C:\xampp\htdocs\irigasisaddang\public\index.php(37): CodeIgniter\CodeIgniter->run()
#5 C:\xampp\htdocs\irigasisaddang\system\Commands\Server\rewrite.php(43): require_once('C:\\xampp\\htdocs...')
#6 {main}
