CRITICAL - 2022-02-08 10:46:59 --> Undefined array key "nilai"
#0 C:\xampp\htdocs\irigasisaddang\app\Controllers\Grafik.php(21): CodeIgniter\Debug\Exceptions->errorHandler(2, 'Undefined array...', 'C:\\xampp\\htdocs...', 21)
#1 C:\xampp\htdocs\irigasisaddang\system\CodeIgniter.php(825): App\Controllers\Grafik->index('bsa1')
#2 C:\xampp\htdocs\irigasisaddang\system\CodeIgniter.php(412): CodeIgniter\CodeIgniter->runController(Object(App\Controllers\Grafik))
#3 C:\xampp\htdocs\irigasisaddang\system\CodeIgniter.php(320): CodeIgniter\CodeIgniter->handleRequest(NULL, Object(Config\Cache), false)
#4 C:\xampp\htdocs\irigasisaddang\public\index.php(37): CodeIgniter\CodeIgniter->run()
#5 C:\xampp\htdocs\irigasisaddang\system\Commands\Server\rewrite.php(43): require_once('C:\\xampp\\htdocs...')
#6 {main}
CRITICAL - 2022-02-08 10:47:14 --> scandir(./upload/home/): The system cannot find the file specifi (code: 2)
#0 [internal function]: CodeIgniter\Debug\Exceptions->errorHandler(2, 'scandir(./uploa...', 'C:\\xampp\\htdocs...', 12)
#1 C:\xampp\htdocs\irigasisaddang\app\Controllers\Pos.php(12): scandir('./upload/home/', 1)
#2 C:\xampp\htdocs\irigasisaddang\system\CodeIgniter.php(825): App\Controllers\Pos->index('home')
#3 C:\xampp\htdocs\irigasisaddang\system\CodeIgniter.php(412): CodeIgniter\CodeIgniter->runController(Object(App\Controllers\Pos))
#4 C:\xampp\htdocs\irigasisaddang\system\CodeIgniter.php(320): CodeIgniter\CodeIgniter->handleRequest(NULL, Object(Config\Cache), false)
#5 C:\xampp\htdocs\irigasisaddang\public\index.php(37): CodeIgniter\CodeIgniter->run()
#6 C:\xampp\htdocs\irigasisaddang\system\Commands\Server\rewrite.php(43): require_once('C:\\xampp\\htdocs...')
#7 {main}
CRITICAL - 2022-02-08 10:47:35 --> Undefined array key "nilai"
#0 C:\xampp\htdocs\irigasisaddang\app\Controllers\Grafik.php(21): CodeIgniter\Debug\Exceptions->errorHandler(2, 'Undefined array...', 'C:\\xampp\\htdocs...', 21)
#1 C:\xampp\htdocs\irigasisaddang\system\CodeIgniter.php(825): App\Controllers\Grafik->index('bsa1')
#2 C:\xampp\htdocs\irigasisaddang\system\CodeIgniter.php(412): CodeIgniter\CodeIgniter->runController(Object(App\Controllers\Grafik))
#3 C:\xampp\htdocs\irigasisaddang\system\CodeIgniter.php(320): CodeIgniter\CodeIgniter->handleRequest(NULL, Object(Config\Cache), false)
#4 C:\xampp\htdocs\irigasisaddang\public\index.php(37): CodeIgniter\CodeIgniter->run()
#5 C:\xampp\htdocs\irigasisaddang\system\Commands\Server\rewrite.php(43): require_once('C:\\xampp\\htdocs...')
#6 {main}
CRITICAL - 2022-02-08 10:48:23 --> Undefined array key "nilai"
#0 C:\xampp\htdocs\irigasisaddang\app\Controllers\Grafik.php(21): CodeIgniter\Debug\Exceptions->errorHandler(2, 'Undefined array...', 'C:\\xampp\\htdocs...', 21)
#1 C:\xampp\htdocs\irigasisaddang\system\CodeIgniter.php(825): App\Controllers\Grafik->index('bsa1')
#2 C:\xampp\htdocs\irigasisaddang\system\CodeIgniter.php(412): CodeIgniter\CodeIgniter->runController(Object(App\Controllers\Grafik))
#3 C:\xampp\htdocs\irigasisaddang\system\CodeIgniter.php(320): CodeIgniter\CodeIgniter->handleRequest(NULL, Object(Config\Cache), false)
#4 C:\xampp\htdocs\irigasisaddang\public\index.php(37): CodeIgniter\CodeIgniter->run()
#5 C:\xampp\htdocs\irigasisaddang\system\Commands\Server\rewrite.php(43): require_once('C:\\xampp\\htdocs...')
#6 {main}
CRITICAL - 2022-02-08 10:52:09 --> Undefined array key "waktu"
#0 C:\xampp\htdocs\irigasisaddang\app\Controllers\Grafik.php(17): CodeIgniter\Debug\Exceptions->errorHandler(2, 'Undefined array...', 'C:\\xampp\\htdocs...', 17)
#1 C:\xampp\htdocs\irigasisaddang\system\CodeIgniter.php(825): App\Controllers\Grafik->index('bsa1')
#2 C:\xampp\htdocs\irigasisaddang\system\CodeIgniter.php(412): CodeIgniter\CodeIgniter->runController(Object(App\Controllers\Grafik))
#3 C:\xampp\htdocs\irigasisaddang\system\CodeIgniter.php(320): CodeIgniter\CodeIgniter->handleRequest(NULL, Object(Config\Cache), false)
#4 C:\xampp\htdocs\irigasisaddang\public\index.php(37): CodeIgniter\CodeIgniter->run()
#5 C:\xampp\htdocs\irigasisaddang\system\Commands\Server\rewrite.php(43): require_once('C:\\xampp\\htdocs...')
#6 {main}
CRITICAL - 2022-02-08 10:52:34 --> Undefined array key "tma"
#0 C:\xampp\htdocs\irigasisaddang\app\Controllers\Grafik.php(18): CodeIgniter\Debug\Exceptions->errorHandler(2, 'Undefined array...', 'C:\\xampp\\htdocs...', 18)
#1 C:\xampp\htdocs\irigasisaddang\system\CodeIgniter.php(825): App\Controllers\Grafik->index('bsa1')
#2 C:\xampp\htdocs\irigasisaddang\system\CodeIgniter.php(412): CodeIgniter\CodeIgniter->runController(Object(App\Controllers\Grafik))
#3 C:\xampp\htdocs\irigasisaddang\system\CodeIgniter.php(320): CodeIgniter\CodeIgniter->handleRequest(NULL, Object(Config\Cache), false)
#4 C:\xampp\htdocs\irigasisaddang\public\index.php(37): CodeIgniter\CodeIgniter->run()
#5 C:\xampp\htdocs\irigasisaddang\system\Commands\Server\rewrite.php(43): require_once('C:\\xampp\\htdocs...')
#6 {main}
CRITICAL - 2022-02-08 10:52:37 --> Undefined array key "tma"
#0 C:\xampp\htdocs\irigasisaddang\app\Controllers\Grafik.php(18): CodeIgniter\Debug\Exceptions->errorHandler(2, 'Undefined array...', 'C:\\xampp\\htdocs...', 18)
#1 C:\xampp\htdocs\irigasisaddang\system\CodeIgniter.php(825): App\Controllers\Grafik->index('bsa1')
#2 C:\xampp\htdocs\irigasisaddang\system\CodeIgniter.php(412): CodeIgniter\CodeIgniter->runController(Object(App\Controllers\Grafik))
#3 C:\xampp\htdocs\irigasisaddang\system\CodeIgniter.php(320): CodeIgniter\CodeIgniter->handleRequest(NULL, Object(Config\Cache), false)
#4 C:\xampp\htdocs\irigasisaddang\public\index.php(37): CodeIgniter\CodeIgniter->run()
#5 C:\xampp\htdocs\irigasisaddang\system\Commands\Server\rewrite.php(43): require_once('C:\\xampp\\htdocs...')
#6 {main}
